<?xml version="1.0" encoding="UTF-8"?>
<testng-results skipped="0" failed="1" total="5" passed="4">
  <reporter-output>
  </reporter-output>
  <suite name="Suite" duration-ms="30321" started-at="2021-09-13T06:18:42Z" finished-at="2021-09-13T06:19:12Z">
    <groups>
    </groups>
    <test name="HomePage_Test" duration-ms="13941" started-at="2021-09-13T06:18:42Z" finished-at="2021-09-13T06:18:56Z">
      <class name="FinalProject.End2EndProject.HomePage">
        <test-method status="PASS" signature="initializeDriver()[pri:0, instance:FinalProject.End2EndProject.HomePage@196a42c3]" name="initializeDriver" is-config="true" duration-ms="3835" started-at="2021-09-13T02:18:42Z" finished-at="2021-09-13T02:18:46Z">
          <reporter-output>
          </reporter-output>
        </test-method> <!-- initializeDriver -->
        <test-method status="PASS" signature="basepageNavigation(java.lang.String, java.lang.String, java.lang.String)[pri:0, instance:FinalProject.End2EndProject.HomePage@196a42c3]" name="basepageNavigation" duration-ms="7041" started-at="2021-09-13T02:18:46Z" data-provider="getData" finished-at="2021-09-13T02:18:53Z">
          <params>
            <param index="0">
              <value>
                <![CDATA[nonrestricteduser@gmail.com]]>
              </value>
            </param>
            <param index="1">
              <value>
                <![CDATA[1234560]]>
              </value>
            </param>
            <param index="2">
              <value>
                <![CDATA[Non Restricted user]]>
              </value>
            </param>
          </params>
          <reporter-output>
          </reporter-output>
        </test-method> <!-- basepageNavigation -->
        <test-method status="PASS" signature="basepageNavigation(java.lang.String, java.lang.String, java.lang.String)[pri:0, instance:FinalProject.End2EndProject.HomePage@196a42c3]" name="basepageNavigation" duration-ms="2974" started-at="2021-09-13T02:18:53Z" data-provider="getData" finished-at="2021-09-13T02:18:56Z">
          <params>
            <param index="0">
              <value>
                <![CDATA[restricteduser@gmail.com]]>
              </value>
            </param>
            <param index="1">
              <value>
                <![CDATA[1234560]]>
              </value>
            </param>
            <param index="2">
              <value>
                <![CDATA[Restricted user]]>
              </value>
            </param>
          </params>
          <reporter-output>
          </reporter-output>
        </test-method> <!-- basepageNavigation -->
        <test-method status="PASS" signature="CloseDriver()[pri:0, instance:FinalProject.End2EndProject.HomePage@196a42c3]" name="CloseDriver" is-config="true" duration-ms="69" started-at="2021-09-13T02:18:56Z" finished-at="2021-09-13T02:18:56Z">
          <reporter-output>
          </reporter-output>
        </test-method> <!-- CloseDriver -->
      </class> <!-- FinalProject.End2EndProject.HomePage -->
    </test> <!-- HomePage_Test -->
    <test name="App_Test" duration-ms="0" started-at="2021-09-13T06:18:56Z" finished-at="2021-09-13T06:18:56Z">
    </test> <!-- App_Test -->
    <test name="ValidateTitle_Test" duration-ms="5460" started-at="2021-09-13T06:18:56Z" finished-at="2021-09-13T06:19:02Z">
      <class name="FinalProject.End2EndProject.ValidateTitle">
        <test-method status="PASS" signature="initializeDriver()[pri:0, instance:FinalProject.End2EndProject.ValidateTitle@6be968ce]" name="initializeDriver" is-config="true" duration-ms="4885" started-at="2021-09-13T02:18:56Z" finished-at="2021-09-13T02:19:01Z">
          <reporter-output>
          </reporter-output>
        </test-method> <!-- initializeDriver -->
        <test-method status="FAIL" signature="TitleValidation()[pri:0, instance:FinalProject.End2EndProject.ValidateTitle@6be968ce]" name="TitleValidation" duration-ms="40" started-at="2021-09-13T02:19:01Z" finished-at="2021-09-13T02:19:01Z">
          <exception class="java.lang.AssertionError">
            <message>
              <![CDATA[expected [FEATURED COURSES11] but found [FEATURED COURSES]]]>
            </message>
            <full-stacktrace>
              <![CDATA[java.lang.AssertionError: expected [FEATURED COURSES11] but found [FEATURED COURSES]
	at org.testng.Assert.fail(Assert.java:89)
	at org.testng.Assert.failNotEquals(Assert.java:489)
	at org.testng.Assert.assertEquals(Assert.java:118)
	at org.testng.Assert.assertEquals(Assert.java:171)
	at org.testng.Assert.assertEquals(Assert.java:181)
	at FinalProject.End2EndProject.ValidateTitle.TitleValidation(ValidateTitle.java:28)
	at sun.reflect.NativeMethodAccessorImpl.invoke0(Native Method)
	at sun.reflect.NativeMethodAccessorImpl.invoke(NativeMethodAccessorImpl.java:62)
	at sun.reflect.DelegatingMethodAccessorImpl.invoke(DelegatingMethodAccessorImpl.java:43)
	at java.lang.reflect.Method.invoke(Method.java:498)
	at org.testng.internal.MethodInvocationHelper.invokeMethod(MethodInvocationHelper.java:80)
	at org.testng.internal.Invoker.invokeMethod(Invoker.java:715)
	at org.testng.internal.Invoker.invokeTestMethod(Invoker.java:907)
	at org.testng.internal.Invoker.invokeTestMethods(Invoker.java:1237)
	at org.testng.internal.TestMethodWorker.invokeTestMethods(TestMethodWorker.java:127)
	at org.testng.internal.TestMethodWorker.run(TestMethodWorker.java:111)
	at org.testng.TestRunner.privateRun(TestRunner.java:767)
	at org.testng.TestRunner.run(TestRunner.java:617)
	at org.testng.SuiteRunner.runTest(SuiteRunner.java:334)
	at org.testng.SuiteRunner.runSequentially(SuiteRunner.java:329)
	at org.testng.SuiteRunner.privateRun(SuiteRunner.java:291)
	at org.testng.SuiteRunner.run(SuiteRunner.java:240)
	at org.testng.SuiteRunnerWorker.runSuite(SuiteRunnerWorker.java:51)
	at org.testng.SuiteRunnerWorker.run(SuiteRunnerWorker.java:85)
	at org.testng.TestNG.runSuitesSequentially(TestNG.java:1197)
	at org.testng.TestNG.runSuitesLocally(TestNG.java:1122)
	at org.testng.TestNG.run(TestNG.java:1030)
	at org.apache.maven.surefire.testng.TestNGExecutor.run(TestNGExecutor.java:284)
	at org.apache.maven.surefire.testng.TestNGXmlTestSuite.execute(TestNGXmlTestSuite.java:75)
	at org.apache.maven.surefire.testng.TestNGProvider.invoke(TestNGProvider.java:119)
	at org.apache.maven.surefire.booter.ForkedBooter.runSuitesInProcess(ForkedBooter.java:428)
	at org.apache.maven.surefire.booter.ForkedBooter.execute(ForkedBooter.java:162)
	at org.apache.maven.surefire.booter.ForkedBooter.run(ForkedBooter.java:562)
	at org.apache.maven.surefire.booter.ForkedBooter.main(ForkedBooter.java:548)
]]>
            </full-stacktrace>
          </exception> <!-- java.lang.AssertionError -->
          <reporter-output>
          </reporter-output>
        </test-method> <!-- TitleValidation -->
        <test-method status="PASS" signature="CloseDriver()[pri:0, instance:FinalProject.End2EndProject.ValidateTitle@6be968ce]" name="CloseDriver" is-config="true" duration-ms="72" started-at="2021-09-13T02:19:01Z" finished-at="2021-09-13T02:19:02Z">
          <reporter-output>
          </reporter-output>
        </test-method> <!-- CloseDriver -->
      </class> <!-- FinalProject.End2EndProject.ValidateTitle -->
    </test> <!-- ValidateTitle_Test -->
    <test name="Validate_URLTest" duration-ms="4941" started-at="2021-09-13T06:19:02Z" finished-at="2021-09-13T06:19:07Z">
      <class name="FinalProject.End2EndProject.ValidateMovingURL">
        <test-method status="PASS" signature="initializeDriver()[pri:0, instance:FinalProject.End2EndProject.ValidateMovingURL@4082ba93]" name="initializeDriver" is-config="true" duration-ms="4804" started-at="2021-09-13T02:19:02Z" finished-at="2021-09-13T02:19:06Z">
          <reporter-output>
          </reporter-output>
        </test-method> <!-- initializeDriver -->
        <test-method status="PASS" signature="ValidateURLContent()[pri:0, instance:FinalProject.End2EndProject.ValidateMovingURL@4082ba93]" name="ValidateURLContent" duration-ms="47" started-at="2021-09-13T02:19:06Z" finished-at="2021-09-13T02:19:06Z">
          <reporter-output>
          </reporter-output>
        </test-method> <!-- ValidateURLContent -->
        <test-method status="PASS" signature="CloseDriver()[pri:0, instance:FinalProject.End2EndProject.ValidateMovingURL@4082ba93]" name="CloseDriver" is-config="true" duration-ms="89" started-at="2021-09-13T02:19:06Z" finished-at="2021-09-13T02:19:07Z">
          <reporter-output>
          </reporter-output>
        </test-method> <!-- CloseDriver -->
      </class> <!-- FinalProject.End2EndProject.ValidateMovingURL -->
    </test> <!-- Validate_URLTest -->
    <test name="ValidateNavigationBar_Test" duration-ms="5407" started-at="2021-09-13T06:19:07Z" finished-at="2021-09-13T06:19:12Z">
      <class name="FinalProject.End2EndProject.ValidateNavigationBar">
        <test-method status="PASS" signature="initializeDriver()[pri:0, instance:FinalProject.End2EndProject.ValidateNavigationBar@792b749c]" name="initializeDriver" is-config="true" duration-ms="5194" started-at="2021-09-13T02:19:07Z" finished-at="2021-09-13T02:19:12Z">
          <reporter-output>
          </reporter-output>
        </test-method> <!-- initializeDriver -->
        <test-method status="PASS" signature="NavigationBarValidation()[pri:0, instance:FinalProject.End2EndProject.ValidateNavigationBar@792b749c]" name="NavigationBarValidation" duration-ms="63" started-at="2021-09-13T02:19:12Z" finished-at="2021-09-13T02:19:12Z">
          <reporter-output>
          </reporter-output>
        </test-method> <!-- NavigationBarValidation -->
        <test-method status="PASS" signature="CloseDriver()[pri:0, instance:FinalProject.End2EndProject.ValidateNavigationBar@792b749c]" name="CloseDriver" is-config="true" duration-ms="150" started-at="2021-09-13T02:19:12Z" finished-at="2021-09-13T02:19:12Z">
          <reporter-output>
          </reporter-output>
        </test-method> <!-- CloseDriver -->
      </class> <!-- FinalProject.End2EndProject.ValidateNavigationBar -->
    </test> <!-- ValidateNavigationBar_Test -->
  </suite> <!-- Suite -->
</testng-results>
